[2020-09-20 11:47:27:1349][main] INFO com.vision.perceptor.Perceptor - Starting Perceptor on DESKTOP-3OAT4K2 with PID 10940 (H:\workSpaces\workSpringServer\Perceptor\target\classes started by insung in H:\workSpaces\workSpringServer\Perceptor)
[2020-09-20 11:47:27:1350][main] DEBUGcom.vision.perceptor.Perceptor - Running with Spring Boot v2.1.7.RELEASE, Spring v5.1.9.RELEASE
[2020-09-20 11:47:27:1351][main] INFO com.vision.perceptor.Perceptor - No active profile set, falling back to default profiles: default
[2020-09-20 11:47:33:7418][main] INFO c.v.perceptor.system.SystemManager - System start 
[2020-09-20 11:47:34:8367][main] INFO com.vision.perceptor.Perceptor - Started Perceptor in 8.194 seconds (JVM running for 14.063)
[2020-09-20 11:47:34:8380][main] INFO c.v.perceptor.system.SystemManager - SystemManager start 
[2020-09-20 11:47:34:8381][main] INFO c.v.perceptor.system.SystemObserver - com.vision.perceptor.task.WatcherWork start
[2020-09-20 11:47:34:8382][main] INFO c.v.perceptor.system.SystemObserver - com.vision.perceptor.task.ImageHistogramTestWork start
[2020-09-20 11:47:34:8383][main] INFO c.v.perceptor.system.SystemObserver - Start observe
[2020-09-20 11:48:32:65896][RMI TCP Connection(7)-127.0.0.1] INFO c.v.perceptor.system.SystemManager - SystemManager stopping 
[2020-09-20 11:48:32:65900][RMI TCP Connection(7)-127.0.0.1] INFO c.v.perceptor.system.SystemObserver - Stop system observer
[2020-09-20 11:48:32:65979][RMI TCP Connection(7)-127.0.0.1] INFO c.v.perceptor.system.SystemManager - System down
[2020-09-20 11:48:54:702][main] INFO com.vision.perceptor.Perceptor - Starting Perceptor on DESKTOP-3OAT4K2 with PID 9052 (H:\workSpaces\workSpringServer\Perceptor\target\classes started by insung in H:\workSpaces\workSpringServer\Perceptor)
[2020-09-20 11:48:54:704][main] DEBUGcom.vision.perceptor.Perceptor - Running with Spring Boot v2.1.7.RELEASE, Spring v5.1.9.RELEASE
[2020-09-20 11:48:54:704][main] INFO com.vision.perceptor.Perceptor - No active profile set, falling back to default profiles: default
[2020-09-20 11:48:57:4050][main] INFO c.v.perceptor.system.SystemManager - System start 
[2020-09-20 11:48:58:4710][main] INFO com.vision.perceptor.Perceptor - Started Perceptor in 4.468 seconds (JVM running for 8.96)
[2020-09-20 11:48:58:4720][main] INFO c.v.perceptor.system.SystemManager - SystemManager start 
[2020-09-20 11:48:58:4721][main] INFO c.v.perceptor.system.SystemObserver - com.vision.perceptor.task.WatcherWork start
[2020-09-20 11:48:58:4721][main] INFO c.v.perceptor.system.SystemObserver - com.vision.perceptor.task.ImageHistogramTestWork start
[2020-09-20 11:48:58:4721][main] INFO c.v.perceptor.system.SystemObserver - Start observe
[2020-09-20 11:49:03:10176][http-nio-8081-exec-1] DEBUGc.v.perceptor.dao.TestDao.getTest - ==>  Preparing: SELECT TEST_SEQ AS testSeq, TEST_NAME AS testName, DATE_FORMAT(TEST_TIME, '%Y-%m-%d') AS testTime FROM test_table ORDER BY TEST_SEQ LIMIT 1 
[2020-09-20 11:49:03:10204][http-nio-8081-exec-1] DEBUGc.v.perceptor.dao.TestDao.getTest - ==> Parameters: 
[2020-09-20 11:53:33:280369][http-nio-8081-exec-4] DEBUGc.v.perceptor.dao.TestDao.getTest - ==>  Preparing: SELECT TEST_SEQ AS testSeq, TEST_NAME AS testName, DATE_FORMAT(TEST_TIME, '%Y-%m-%d') AS testTime FROM test_table ORDER BY TEST_SEQ LIMIT 1 
[2020-09-20 11:53:33:280377][http-nio-8081-exec-4] DEBUGc.v.perceptor.dao.TestDao.getTest - ==> Parameters: 
[2020-09-20 11:53:34:280772][http-nio-8081-exec-4] DEBUGc.v.perceptor.dao.TestDao.getTest - <==      Total: 1
[2020-09-20 11:53:34:280775][http-nio-8081-exec-4] DEBUGc.v.perceptor.dao.TestDao.getNow - ==>  Preparing: SELECT NOW() 
[2020-09-20 11:53:34:280776][http-nio-8081-exec-4] DEBUGc.v.perceptor.dao.TestDao.getNow - ==> Parameters: 
[2020-09-20 11:53:34:280822][http-nio-8081-exec-4] DEBUGc.v.perceptor.dao.TestDao.getNow - <==      Total: 1
[2020-09-20 11:53:34:280823][http-nio-8081-exec-4] INFO c.v.p.controller.TestController - >>2020-09-19 19:53:32
[2020-09-20 15:18:37:12583800][RMI TCP Connection(220)-127.0.0.1] INFO c.v.perceptor.system.SystemManager - SystemManager stopping 
[2020-09-20 15:18:37:12583810][RMI TCP Connection(220)-127.0.0.1] INFO c.v.perceptor.system.SystemObserver - Stop system observer
[2020-09-20 15:18:37:12583880][RMI TCP Connection(220)-127.0.0.1] INFO c.v.perceptor.system.SystemManager - System down
[2020-09-20 17:25:35:532][main] INFO com.vision.perceptor.Perceptor - Starting Perceptor on DESKTOP-3OAT4K2 with PID 3584 (H:\workSpaces\workSpringServer\Perceptor\target\classes started by insung in H:\workSpaces\workSpringServer\Perceptor)
[2020-09-20 17:25:35:535][main] DEBUGcom.vision.perceptor.Perceptor - Running with Spring Boot v2.1.7.RELEASE, Spring v5.1.9.RELEASE
[2020-09-20 17:25:35:535][main] INFO com.vision.perceptor.Perceptor - No active profile set, falling back to default profiles: default
[2020-09-20 17:25:37:2683][main] INFO c.v.perceptor.system.SystemManager - System start 
[2020-09-20 17:25:38:3202][main] INFO com.vision.perceptor.Perceptor - Started Perceptor in 3.081 seconds (JVM running for 7.253)
[2020-09-20 17:25:38:3210][main] INFO c.v.perceptor.system.SystemManager - SystemManager start 
[2020-09-20 17:25:38:3211][main] INFO c.v.perceptor.system.SystemObserver - com.vision.perceptor.task.WatcherWork start
[2020-09-20 17:25:38:3211][main] INFO c.v.perceptor.system.SystemObserver - com.vision.perceptor.task.ImageHistogramTestWork start
[2020-09-20 17:25:38:3211][main] INFO c.v.perceptor.system.SystemObserver - Start observe
[2020-09-20 17:25:58:23536][http-nio-8081-exec-4] DEBUGc.v.perceptor.dao.TestDao.getTest - ==>  Preparing: SELECT TEST_SEQ AS testSeq, TEST_NAME AS testName, DATE_FORMAT(TEST_TIME, '%Y-%m-%d') AS testTime FROM test_table ORDER BY TEST_SEQ LIMIT 1 
[2020-09-20 17:25:58:23564][http-nio-8081-exec-4] DEBUGc.v.perceptor.dao.TestDao.getTest - ==> Parameters: 
[2020-09-20 17:26:00:24914][http-nio-8081-exec-4] DEBUGc.v.perceptor.dao.TestDao.getTest - <==      Total: 1
[2020-09-20 17:26:00:24917][http-nio-8081-exec-4] DEBUGc.v.perceptor.dao.TestDao.getNow - ==>  Preparing: SELECT NOW() 
[2020-09-20 17:26:00:24918][http-nio-8081-exec-4] DEBUGc.v.perceptor.dao.TestDao.getNow - ==> Parameters: 
[2020-09-20 17:26:00:24922][http-nio-8081-exec-4] DEBUGc.v.perceptor.dao.TestDao.getNow - <==      Total: 1
[2020-09-20 17:26:00:24923][http-nio-8081-exec-4] INFO c.v.p.controller.TestController - >>2020-09-20 01:25:57
[2020-09-20 17:34:42:547120][RMI TCP Connection(13)-127.0.0.1] INFO c.v.perceptor.system.SystemManager - SystemManager stopping 
[2020-09-20 17:34:42:547121][RMI TCP Connection(13)-127.0.0.1] INFO c.v.perceptor.system.SystemObserver - Stop system observer
[2020-09-20 17:34:42:547138][RMI TCP Connection(13)-127.0.0.1] INFO c.v.perceptor.system.SystemManager - System down
[2020-09-20 17:34:57:496][main] INFO com.vision.perceptor.Perceptor - Starting Perceptor on DESKTOP-3OAT4K2 with PID 4412 (H:\workSpaces\workSpringServer\Perceptor\target\classes started by insung in H:\workSpaces\workSpringServer\Perceptor)
[2020-09-20 17:34:57:498][main] DEBUGcom.vision.perceptor.Perceptor - Running with Spring Boot v2.1.7.RELEASE, Spring v5.1.9.RELEASE
[2020-09-20 17:34:57:498][main] INFO com.vision.perceptor.Perceptor - No active profile set, falling back to default profiles: default
[2020-09-20 17:35:00:2699][main] INFO c.v.perceptor.system.SystemManager - System start 
[2020-09-20 17:35:00:3252][main] INFO com.vision.perceptor.Perceptor - Started Perceptor in 3.132 seconds (JVM running for 6.696)
[2020-09-20 17:35:00:3263][main] INFO c.v.perceptor.system.SystemManager - SystemManager start 
[2020-09-20 17:35:00:3263][main] INFO c.v.perceptor.system.SystemObserver - com.vision.perceptor.task.WatcherWork start
[2020-09-20 17:35:00:3264][main] INFO c.v.perceptor.system.SystemObserver - com.vision.perceptor.task.ImageHistogramTestWork start
[2020-09-20 17:35:00:3264][main] INFO c.v.perceptor.system.SystemObserver - Start observe
[2020-09-20 17:35:22:25460][http-nio-8081-exec-1] DEBUGc.v.perceptor.dao.TestDao.getTest - ==>  Preparing: SELECT TEST_SEQ AS testSeq, TEST_NAME AS testName, DATE_FORMAT(TEST_TIME, '%Y-%m-%d') AS testTime FROM test_table ORDER BY TEST_SEQ 
[2020-09-20 17:35:22:25481][http-nio-8081-exec-1] DEBUGc.v.perceptor.dao.TestDao.getTest - ==> Parameters: 
[2020-09-20 17:35:22:25505][http-nio-8081-exec-1] DEBUGc.v.perceptor.dao.TestDao.getTest - <==      Total: 1
[2020-09-20 17:35:22:25508][http-nio-8081-exec-1] DEBUGc.v.perceptor.dao.TestDao.getNow - ==>  Preparing: SELECT NOW() 
[2020-09-20 17:35:22:25509][http-nio-8081-exec-1] DEBUGc.v.perceptor.dao.TestDao.getNow - ==> Parameters: 
[2020-09-20 17:35:22:25512][http-nio-8081-exec-1] DEBUGc.v.perceptor.dao.TestDao.getNow - <==      Total: 1
[2020-09-20 17:35:22:25512][http-nio-8081-exec-1] INFO c.v.p.controller.TestController - >>2020-09-20 01:35:20
[2020-09-20 17:53:34:1116911][http-nio-8081-exec-4] DEBUGc.v.perceptor.dao.TestDao.getTest - ==>  Preparing: SELECT TEST_SEQ AS testSeq, TEST_NAME AS testName, DATE_FORMAT(TEST_TIME, '%Y-%m-%d') AS testTime FROM test_table ORDER BY TEST_SEQ 
[2020-09-20 17:53:34:1116911][http-nio-8081-exec-4] DEBUGc.v.perceptor.dao.TestDao.getTest - ==> Parameters: 
[2020-09-20 17:53:34:1116914][http-nio-8081-exec-4] DEBUGc.v.perceptor.dao.TestDao.getTest - <==      Total: 1
[2020-09-20 17:53:34:1116914][http-nio-8081-exec-4] DEBUGc.v.perceptor.dao.TestDao.getNow - ==>  Preparing: SELECT NOW() 
[2020-09-20 17:53:34:1116915][http-nio-8081-exec-4] DEBUGc.v.perceptor.dao.TestDao.getNow - ==> Parameters: 
[2020-09-20 17:53:34:1116916][http-nio-8081-exec-4] DEBUGc.v.perceptor.dao.TestDao.getNow - <==      Total: 1
[2020-09-20 17:53:34:1116916][http-nio-8081-exec-4] INFO c.v.p.controller.TestController - >>2020-09-20 01:53:31
[2020-09-20 17:54:42:1184751][http-nio-8081-exec-7] DEBUGc.v.perceptor.dao.TestDao.getTest - ==>  Preparing: SELECT TEST_SEQ AS testSeq, TEST_NAME AS testName, DATE_FORMAT(TEST_TIME, '%Y-%m-%d') AS testTime FROM test_table ORDER BY TEST_SEQ 
[2020-09-20 17:54:42:1184751][http-nio-8081-exec-7] DEBUGc.v.perceptor.dao.TestDao.getTest - ==> Parameters: 
[2020-09-20 17:54:42:1184768][http-nio-8081-exec-7] DEBUGc.v.perceptor.dao.TestDao.getTest - <==      Total: 1
[2020-09-20 17:54:42:1184768][http-nio-8081-exec-7] DEBUGc.v.perceptor.dao.TestDao.getNow - ==>  Preparing: SELECT NOW() 
[2020-09-20 17:54:42:1184768][http-nio-8081-exec-7] DEBUGc.v.perceptor.dao.TestDao.getNow - ==> Parameters: 
[2020-09-20 17:54:42:1184770][http-nio-8081-exec-7] DEBUGc.v.perceptor.dao.TestDao.getNow - <==      Total: 1
[2020-09-20 17:54:42:1184770][http-nio-8081-exec-7] INFO c.v.p.controller.TestController - >>2020-09-20 01:54:39
[2020-09-20 17:57:01:1324015][http-nio-8081-exec-9] DEBUGc.v.perceptor.dao.TestDao.getTest - ==>  Preparing: SELECT TEST_SEQ AS testSeq, TEST_NAME AS testName, DATE_FORMAT(TEST_TIME, '%Y-%m-%d') AS testTime FROM test_table ORDER BY TEST_SEQ 
[2020-09-20 17:57:01:1324015][http-nio-8081-exec-9] DEBUGc.v.perceptor.dao.TestDao.getTest - ==> Parameters: 
[2020-09-20 17:57:01:1324017][http-nio-8081-exec-9] DEBUGc.v.perceptor.dao.TestDao.getTest - <==      Total: 1
[2020-09-20 17:57:01:1324017][http-nio-8081-exec-9] DEBUGc.v.perceptor.dao.TestDao.getNow - ==>  Preparing: SELECT NOW() 
[2020-09-20 17:57:01:1324017][http-nio-8081-exec-9] DEBUGc.v.perceptor.dao.TestDao.getNow - ==> Parameters: 
[2020-09-20 17:57:01:1324019][http-nio-8081-exec-9] DEBUGc.v.perceptor.dao.TestDao.getNow - <==      Total: 1
[2020-09-20 17:57:01:1324019][http-nio-8081-exec-9] INFO c.v.p.controller.TestController - >>2020-09-20 01:56:58
[2020-09-20 17:57:44:1367601][http-nio-8081-exec-1] DEBUGc.v.perceptor.dao.TestDao.getTest - ==>  Preparing: SELECT TEST_SEQ AS testSeq, TEST_NAME AS testName, DATE_FORMAT(TEST_TIME, '%Y-%m-%d') AS testTime FROM test_table ORDER BY TEST_SEQ 
[2020-09-20 17:57:44:1367602][http-nio-8081-exec-1] DEBUGc.v.perceptor.dao.TestDao.getTest - ==> Parameters: 
[2020-09-20 17:57:44:1367603][http-nio-8081-exec-1] DEBUGc.v.perceptor.dao.TestDao.getTest - <==      Total: 1
[2020-09-20 17:57:44:1367604][http-nio-8081-exec-1] DEBUGc.v.perceptor.dao.TestDao.getNow - ==>  Preparing: SELECT NOW() 
[2020-09-20 17:57:44:1367604][http-nio-8081-exec-1] DEBUGc.v.perceptor.dao.TestDao.getNow - ==> Parameters: 
[2020-09-20 17:57:44:1367605][http-nio-8081-exec-1] DEBUGc.v.perceptor.dao.TestDao.getNow - <==      Total: 1
[2020-09-20 17:57:44:1367606][http-nio-8081-exec-1] INFO c.v.p.controller.TestController - >>2020-09-20 01:57:42
[2020-09-20 17:58:45:1428489][http-nio-8081-exec-3] DEBUGc.v.perceptor.dao.TestDao.getTest - ==>  Preparing: SELECT TEST_SEQ AS testSeq, TEST_NAME AS testName, DATE_FORMAT(TEST_TIME, '%Y-%m-%d') AS testTime FROM test_table ORDER BY TEST_SEQ 
[2020-09-20 17:58:45:1428490][http-nio-8081-exec-3] DEBUGc.v.perceptor.dao.TestDao.getTest - ==> Parameters: 
[2020-09-20 17:58:45:1428492][http-nio-8081-exec-3] DEBUGc.v.perceptor.dao.TestDao.getTest - <==      Total: 1
[2020-09-20 17:58:45:1428492][http-nio-8081-exec-3] DEBUGc.v.perceptor.dao.TestDao.getNow - ==>  Preparing: SELECT NOW() 
[2020-09-20 17:58:45:1428492][http-nio-8081-exec-3] DEBUGc.v.perceptor.dao.TestDao.getNow - ==> Parameters: 
[2020-09-20 17:58:45:1428493][http-nio-8081-exec-3] DEBUGc.v.perceptor.dao.TestDao.getNow - <==      Total: 1
[2020-09-20 17:58:45:1428494][http-nio-8081-exec-3] INFO c.v.p.controller.TestController - >>2020-09-20 01:58:43
[2020-09-20 18:00:18:1520879][http-nio-8081-exec-4] DEBUGc.v.perceptor.dao.TestDao.getTest - ==>  Preparing: SELECT TEST_SEQ AS testSeq, TEST_NAME AS testName, DATE_FORMAT(TEST_TIME, '%Y-%m-%d') AS testTime FROM test_table ORDER BY TEST_SEQ 
[2020-09-20 18:00:18:1520880][http-nio-8081-exec-4] DEBUGc.v.perceptor.dao.TestDao.getTest - ==> Parameters: 
[2020-09-20 18:00:18:1520881][http-nio-8081-exec-4] DEBUGc.v.perceptor.dao.TestDao.getTest - <==      Total: 1
[2020-09-20 18:00:18:1520882][http-nio-8081-exec-4] DEBUGc.v.perceptor.dao.TestDao.getNow - ==>  Preparing: SELECT NOW() 
[2020-09-20 18:00:18:1520882][http-nio-8081-exec-4] DEBUGc.v.perceptor.dao.TestDao.getNow - ==> Parameters: 
[2020-09-20 18:00:18:1520883][http-nio-8081-exec-4] DEBUGc.v.perceptor.dao.TestDao.getNow - <==      Total: 1
[2020-09-20 18:00:18:1520884][http-nio-8081-exec-4] INFO c.v.p.controller.TestController - >>2020-09-20 02:00:15
[2020-09-20 18:01:08:1570984][http-nio-8081-exec-7] DEBUGc.v.perceptor.dao.TestDao.getTest - ==>  Preparing: SELECT TEST_SEQ AS testSeq, TEST_NAME AS testName, DATE_FORMAT(TEST_TIME, '%Y-%m-%d') AS testTime FROM test_table ORDER BY TEST_SEQ 
[2020-09-20 18:01:08:1570985][http-nio-8081-exec-7] DEBUGc.v.perceptor.dao.TestDao.getTest - ==> Parameters: 
[2020-09-20 18:01:08:1570987][http-nio-8081-exec-7] DEBUGc.v.perceptor.dao.TestDao.getTest - <==      Total: 1
[2020-09-20 18:01:08:1570987][http-nio-8081-exec-7] DEBUGc.v.perceptor.dao.TestDao.getNow - ==>  Preparing: SELECT NOW() 
[2020-09-20 18:01:08:1570988][http-nio-8081-exec-7] DEBUGc.v.perceptor.dao.TestDao.getNow - ==> Parameters: 
[2020-09-20 18:01:08:1570990][http-nio-8081-exec-7] DEBUGc.v.perceptor.dao.TestDao.getNow - <==      Total: 1
[2020-09-20 18:01:08:1570991][http-nio-8081-exec-7] INFO c.v.p.controller.TestController - >>2020-09-20 02:01:05
[2020-09-20 18:02:16:1638747][http-nio-8081-exec-9] DEBUGc.v.perceptor.dao.TestDao.getTest - ==>  Preparing: SELECT TEST_SEQ AS testSeq, TEST_NAME AS testName, DATE_FORMAT(TEST_TIME, '%Y-%m-%d') AS testTime FROM test_table ORDER BY TEST_SEQ 
[2020-09-20 18:02:16:1638747][http-nio-8081-exec-9] DEBUGc.v.perceptor.dao.TestDao.getTest - ==> Parameters: 
[2020-09-20 18:02:16:1638749][http-nio-8081-exec-9] DEBUGc.v.perceptor.dao.TestDao.getTest - <==      Total: 1
[2020-09-20 18:02:16:1638750][http-nio-8081-exec-9] DEBUGc.v.perceptor.dao.TestDao.getNow - ==>  Preparing: SELECT NOW() 
[2020-09-20 18:02:16:1638750][http-nio-8081-exec-9] DEBUGc.v.perceptor.dao.TestDao.getNow - ==> Parameters: 
[2020-09-20 18:02:16:1638751][http-nio-8081-exec-9] DEBUGc.v.perceptor.dao.TestDao.getNow - <==      Total: 1
[2020-09-20 18:02:16:1638752][http-nio-8081-exec-9] INFO c.v.p.controller.TestController - >>2020-09-20 02:02:13
[2020-09-20 18:02:16:1638788][http-nio-8081-exec-10] DEBUGc.v.perceptor.dao.TestDao.getTest - ==>  Preparing: SELECT TEST_SEQ AS testSeq, TEST_NAME AS testName, DATE_FORMAT(TEST_TIME, '%Y-%m-%d') AS testTime FROM test_table ORDER BY TEST_SEQ 
[2020-09-20 18:02:16:1638789][http-nio-8081-exec-10] DEBUGc.v.perceptor.dao.TestDao.getTest - ==> Parameters: 
[2020-09-20 18:02:16:1638791][http-nio-8081-exec-10] DEBUGc.v.perceptor.dao.TestDao.getTest - <==      Total: 1
[2020-09-20 18:02:16:1638791][http-nio-8081-exec-10] DEBUGc.v.perceptor.dao.TestDao.getNow - ==>  Preparing: SELECT NOW() 
[2020-09-20 18:02:16:1638792][http-nio-8081-exec-10] DEBUGc.v.perceptor.dao.TestDao.getNow - ==> Parameters: 
[2020-09-20 18:02:16:1638793][http-nio-8081-exec-10] DEBUGc.v.perceptor.dao.TestDao.getNow - <==      Total: 1
[2020-09-20 18:02:16:1638794][http-nio-8081-exec-10] INFO c.v.p.controller.TestController - >>2020-09-20 02:02:13
[2020-09-20 18:02:55:1678031][http-nio-8081-exec-3] DEBUGc.v.perceptor.dao.TestDao.getTest - ==>  Preparing: SELECT TEST_SEQ AS testSeq, TEST_NAME AS testName, DATE_FORMAT(TEST_TIME, '%Y-%m-%d') AS testTime FROM test_table ORDER BY TEST_SEQ 
[2020-09-20 18:02:55:1678032][http-nio-8081-exec-3] DEBUGc.v.perceptor.dao.TestDao.getTest - ==> Parameters: 
[2020-09-20 18:02:55:1678033][http-nio-8081-exec-3] DEBUGc.v.perceptor.dao.TestDao.getTest - <==      Total: 1
[2020-09-20 18:02:55:1678033][http-nio-8081-exec-3] DEBUGc.v.perceptor.dao.TestDao.getNow - ==>  Preparing: SELECT NOW() 
[2020-09-20 18:02:55:1678034][http-nio-8081-exec-3] DEBUGc.v.perceptor.dao.TestDao.getNow - ==> Parameters: 
[2020-09-20 18:02:55:1678035][http-nio-8081-exec-3] DEBUGc.v.perceptor.dao.TestDao.getNow - <==      Total: 1
[2020-09-20 18:02:55:1678035][http-nio-8081-exec-3] INFO c.v.p.controller.TestController - >>2020-09-20 02:02:52
[2020-09-20 18:02:55:1678072][http-nio-8081-exec-5] DEBUGc.v.perceptor.dao.TestDao.getTest - ==>  Preparing: SELECT TEST_SEQ AS testSeq, TEST_NAME AS testName, DATE_FORMAT(TEST_TIME, '%Y-%m-%d') AS testTime FROM test_table ORDER BY TEST_SEQ 
[2020-09-20 18:02:55:1678072][http-nio-8081-exec-5] DEBUGc.v.perceptor.dao.TestDao.getTest - ==> Parameters: 
[2020-09-20 18:02:55:1678074][http-nio-8081-exec-5] DEBUGc.v.perceptor.dao.TestDao.getTest - <==      Total: 1
[2020-09-20 18:02:55:1678074][http-nio-8081-exec-5] DEBUGc.v.perceptor.dao.TestDao.getNow - ==>  Preparing: SELECT NOW() 
[2020-09-20 18:02:55:1678074][http-nio-8081-exec-5] DEBUGc.v.perceptor.dao.TestDao.getNow - ==> Parameters: 
[2020-09-20 18:02:55:1678076][http-nio-8081-exec-5] DEBUGc.v.perceptor.dao.TestDao.getNow - <==      Total: 1
[2020-09-20 18:02:55:1678076][http-nio-8081-exec-5] INFO c.v.p.controller.TestController - >>2020-09-20 02:02:52
[2020-09-20 18:18:11:2594566][http-nio-8081-exec-7] DEBUGc.v.perceptor.dao.TestDao.getTest - ==>  Preparing: SELECT TEST_SEQ AS testSeq, TEST_NAME AS testName, DATE_FORMAT(TEST_TIME, '%Y-%m-%d') AS testTime FROM test_table ORDER BY TEST_SEQ 
[2020-09-20 18:18:11:2594567][http-nio-8081-exec-7] DEBUGc.v.perceptor.dao.TestDao.getTest - ==> Parameters: 
[2020-09-20 18:18:11:2594568][http-nio-8081-exec-7] DEBUGc.v.perceptor.dao.TestDao.getTest - <==      Total: 1
[2020-09-20 18:18:11:2594569][http-nio-8081-exec-7] DEBUGc.v.perceptor.dao.TestDao.getNow - ==>  Preparing: SELECT NOW() 
[2020-09-20 18:18:11:2594569][http-nio-8081-exec-7] DEBUGc.v.perceptor.dao.TestDao.getNow - ==> Parameters: 
[2020-09-20 18:18:11:2594570][http-nio-8081-exec-7] DEBUGc.v.perceptor.dao.TestDao.getNow - <==      Total: 1
[2020-09-20 18:18:11:2594570][http-nio-8081-exec-7] INFO c.v.p.controller.TestController - >>2020-09-20 02:18:09
[2020-09-20 18:18:11:2594618][http-nio-8081-exec-8] DEBUGc.v.perceptor.dao.TestDao.getTest - ==>  Preparing: SELECT TEST_SEQ AS testSeq, TEST_NAME AS testName, DATE_FORMAT(TEST_TIME, '%Y-%m-%d') AS testTime FROM test_table ORDER BY TEST_SEQ 
[2020-09-20 18:18:11:2594618][http-nio-8081-exec-8] DEBUGc.v.perceptor.dao.TestDao.getTest - ==> Parameters: 
[2020-09-20 18:18:11:2594620][http-nio-8081-exec-8] DEBUGc.v.perceptor.dao.TestDao.getTest - <==      Total: 1
[2020-09-20 18:18:11:2594620][http-nio-8081-exec-8] DEBUGc.v.perceptor.dao.TestDao.getNow - ==>  Preparing: SELECT NOW() 
[2020-09-20 18:18:11:2594621][http-nio-8081-exec-8] DEBUGc.v.perceptor.dao.TestDao.getNow - ==> Parameters: 
[2020-09-20 18:18:11:2594622][http-nio-8081-exec-8] DEBUGc.v.perceptor.dao.TestDao.getNow - <==      Total: 1
[2020-09-20 18:18:11:2594622][http-nio-8081-exec-8] INFO c.v.p.controller.TestController - >>2020-09-20 02:18:09
[2020-09-20 18:18:12:2594672][http-nio-8081-exec-9] DEBUGc.v.perceptor.dao.TestDao.getTest - ==>  Preparing: SELECT TEST_SEQ AS testSeq, TEST_NAME AS testName, DATE_FORMAT(TEST_TIME, '%Y-%m-%d') AS testTime FROM test_table ORDER BY TEST_SEQ 
[2020-09-20 18:18:12:2594672][http-nio-8081-exec-9] DEBUGc.v.perceptor.dao.TestDao.getTest - ==> Parameters: 
[2020-09-20 18:18:12:2594674][http-nio-8081-exec-9] DEBUGc.v.perceptor.dao.TestDao.getTest - <==      Total: 1
[2020-09-20 18:18:12:2594674][http-nio-8081-exec-9] DEBUGc.v.perceptor.dao.TestDao.getNow - ==>  Preparing: SELECT NOW() 
[2020-09-20 18:18:12:2594674][http-nio-8081-exec-9] DEBUGc.v.perceptor.dao.TestDao.getNow - ==> Parameters: 
[2020-09-20 18:18:12:2594676][http-nio-8081-exec-9] DEBUGc.v.perceptor.dao.TestDao.getNow - <==      Total: 1
[2020-09-20 18:18:12:2594676][http-nio-8081-exec-9] INFO c.v.p.controller.TestController - >>2020-09-20 02:18:09
[2020-09-20 18:18:12:2594685][http-nio-8081-exec-10] DEBUGc.v.perceptor.dao.TestDao.getTest - ==>  Preparing: SELECT TEST_SEQ AS testSeq, TEST_NAME AS testName, DATE_FORMAT(TEST_TIME, '%Y-%m-%d') AS testTime FROM test_table ORDER BY TEST_SEQ 
[2020-09-20 18:18:12:2594685][http-nio-8081-exec-10] DEBUGc.v.perceptor.dao.TestDao.getTest - ==> Parameters: 
[2020-09-20 18:18:12:2594690][http-nio-8081-exec-10] DEBUGc.v.perceptor.dao.TestDao.getTest - <==      Total: 1
[2020-09-20 18:18:12:2594693][http-nio-8081-exec-10] DEBUGc.v.perceptor.dao.TestDao.getNow - ==>  Preparing: SELECT NOW() 
[2020-09-20 18:18:12:2594696][http-nio-8081-exec-10] DEBUGc.v.perceptor.dao.TestDao.getNow - ==> Parameters: 
[2020-09-20 18:18:12:2594697][http-nio-8081-exec-10] DEBUGc.v.perceptor.dao.TestDao.getNow - <==      Total: 1
[2020-09-20 18:18:12:2594697][http-nio-8081-exec-10] INFO c.v.p.controller.TestController - >>2020-09-20 02:18:09
[2020-09-20 18:37:40:3763350][http-nio-8081-exec-5] DEBUGc.v.perceptor.dao.TestDao.getTest - ==>  Preparing: SELECT TEST_SEQ AS testSeq, TEST_NAME AS testName, DATE_FORMAT(TEST_TIME, '%Y-%m-%d') AS testTime FROM test_table ORDER BY TEST_SEQ 
[2020-09-20 18:37:40:3763350][http-nio-8081-exec-5] DEBUGc.v.perceptor.dao.TestDao.getTest - ==> Parameters: 
[2020-09-20 18:37:40:3763352][http-nio-8081-exec-5] DEBUGc.v.perceptor.dao.TestDao.getTest - <==      Total: 1
[2020-09-20 18:37:40:3763352][http-nio-8081-exec-5] DEBUGc.v.perceptor.dao.TestDao.getNow - ==>  Preparing: SELECT NOW() 
[2020-09-20 18:37:40:3763352][http-nio-8081-exec-5] DEBUGc.v.perceptor.dao.TestDao.getNow - ==> Parameters: 
[2020-09-20 18:37:40:3763353][http-nio-8081-exec-5] DEBUGc.v.perceptor.dao.TestDao.getNow - <==      Total: 1
[2020-09-20 18:37:40:3763354][http-nio-8081-exec-5] INFO c.v.p.controller.TestController - >>2020-09-20 02:37:38
[2020-09-20 18:37:40:3763389][http-nio-8081-exec-6] DEBUGc.v.perceptor.dao.TestDao.getTest - ==>  Preparing: SELECT TEST_SEQ AS testSeq, TEST_NAME AS testName, DATE_FORMAT(TEST_TIME, '%Y-%m-%d') AS testTime FROM test_table ORDER BY TEST_SEQ 
[2020-09-20 18:37:40:3763389][http-nio-8081-exec-6] DEBUGc.v.perceptor.dao.TestDao.getTest - ==> Parameters: 
[2020-09-20 18:37:40:3763390][http-nio-8081-exec-6] DEBUGc.v.perceptor.dao.TestDao.getTest - <==      Total: 1
[2020-09-20 18:37:40:3763391][http-nio-8081-exec-6] DEBUGc.v.perceptor.dao.TestDao.getNow - ==>  Preparing: SELECT NOW() 
[2020-09-20 18:37:40:3763391][http-nio-8081-exec-6] DEBUGc.v.perceptor.dao.TestDao.getNow - ==> Parameters: 
[2020-09-20 18:37:40:3763392][http-nio-8081-exec-6] DEBUGc.v.perceptor.dao.TestDao.getNow - <==      Total: 1
[2020-09-20 18:37:40:3763392][http-nio-8081-exec-6] INFO c.v.p.controller.TestController - >>2020-09-20 02:37:38
[2020-09-20 18:37:40:3763435][http-nio-8081-exec-4] DEBUGc.v.perceptor.dao.TestDao.getTest - ==>  Preparing: SELECT TEST_SEQ AS testSeq, TEST_NAME AS testName, DATE_FORMAT(TEST_TIME, '%Y-%m-%d') AS testTime FROM test_table ORDER BY TEST_SEQ 
[2020-09-20 18:37:40:3763436][http-nio-8081-exec-4] DEBUGc.v.perceptor.dao.TestDao.getTest - ==> Parameters: 
[2020-09-20 18:37:40:3763437][http-nio-8081-exec-4] DEBUGc.v.perceptor.dao.TestDao.getTest - <==      Total: 1
[2020-09-20 18:37:40:3763437][http-nio-8081-exec-4] DEBUGc.v.perceptor.dao.TestDao.getNow - ==>  Preparing: SELECT NOW() 
[2020-09-20 18:37:40:3763437][http-nio-8081-exec-4] DEBUGc.v.perceptor.dao.TestDao.getNow - ==> Parameters: 
[2020-09-20 18:37:40:3763438][http-nio-8081-exec-4] DEBUGc.v.perceptor.dao.TestDao.getNow - <==      Total: 1
[2020-09-20 18:37:40:3763439][http-nio-8081-exec-4] INFO c.v.p.controller.TestController - >>2020-09-20 02:37:38
[2020-09-20 18:37:40:3763442][http-nio-8081-exec-7] DEBUGc.v.perceptor.dao.TestDao.getTest - ==>  Preparing: SELECT TEST_SEQ AS testSeq, TEST_NAME AS testName, DATE_FORMAT(TEST_TIME, '%Y-%m-%d') AS testTime FROM test_table ORDER BY TEST_SEQ 
[2020-09-20 18:37:40:3763442][http-nio-8081-exec-7] DEBUGc.v.perceptor.dao.TestDao.getTest - ==> Parameters: 
[2020-09-20 18:37:40:3763445][http-nio-8081-exec-7] DEBUGc.v.perceptor.dao.TestDao.getTest - <==      Total: 1
[2020-09-20 18:37:40:3763445][http-nio-8081-exec-7] DEBUGc.v.perceptor.dao.TestDao.getNow - ==>  Preparing: SELECT NOW() 
[2020-09-20 18:37:40:3763445][http-nio-8081-exec-7] DEBUGc.v.perceptor.dao.TestDao.getNow - ==> Parameters: 
[2020-09-20 18:37:40:3763446][http-nio-8081-exec-7] DEBUGc.v.perceptor.dao.TestDao.getNow - <==      Total: 1
[2020-09-20 18:37:40:3763447][http-nio-8081-exec-7] INFO c.v.p.controller.TestController - >>2020-09-20 02:37:38
[2020-09-20 18:37:40:3763468][http-nio-8081-exec-8] DEBUGc.v.perceptor.dao.TestDao.getTest - ==>  Preparing: SELECT TEST_SEQ AS testSeq, TEST_NAME AS testName, DATE_FORMAT(TEST_TIME, '%Y-%m-%d') AS testTime FROM test_table ORDER BY TEST_SEQ 
[2020-09-20 18:37:40:3763469][http-nio-8081-exec-8] DEBUGc.v.perceptor.dao.TestDao.getTest - ==> Parameters: 
[2020-09-20 18:37:40:3763470][http-nio-8081-exec-8] DEBUGc.v.perceptor.dao.TestDao.getTest - <==      Total: 1
[2020-09-20 18:37:40:3763471][http-nio-8081-exec-8] DEBUGc.v.perceptor.dao.TestDao.getNow - ==>  Preparing: SELECT NOW() 
[2020-09-20 18:37:40:3763471][http-nio-8081-exec-8] DEBUGc.v.perceptor.dao.TestDao.getNow - ==> Parameters: 
[2020-09-20 18:37:40:3763472][http-nio-8081-exec-8] DEBUGc.v.perceptor.dao.TestDao.getNow - <==      Total: 1
[2020-09-20 18:37:40:3763472][http-nio-8081-exec-8] INFO c.v.p.controller.TestController - >>2020-09-20 02:37:38
[2020-09-20 18:39:04:3847440][http-nio-8081-exec-2] DEBUGc.v.perceptor.dao.TestDao.getTest - ==>  Preparing: SELECT TEST_SEQ AS testSeq, TEST_NAME AS testName, DATE_FORMAT(TEST_TIME, '%Y-%m-%d') AS testTime FROM test_table ORDER BY TEST_SEQ 
[2020-09-20 18:39:04:3847441][http-nio-8081-exec-2] DEBUGc.v.perceptor.dao.TestDao.getTest - ==> Parameters: 
[2020-09-20 18:39:04:3847442][http-nio-8081-exec-2] DEBUGc.v.perceptor.dao.TestDao.getTest - <==      Total: 1
[2020-09-20 18:39:04:3847442][http-nio-8081-exec-2] DEBUGc.v.perceptor.dao.TestDao.getNow - ==>  Preparing: SELECT NOW() 
[2020-09-20 18:39:04:3847442][http-nio-8081-exec-2] DEBUGc.v.perceptor.dao.TestDao.getNow - ==> Parameters: 
[2020-09-20 18:39:04:3847443][http-nio-8081-exec-2] DEBUGc.v.perceptor.dao.TestDao.getNow - <==      Total: 1
[2020-09-20 18:39:04:3847444][http-nio-8081-exec-2] INFO c.v.p.controller.TestController - >>2020-09-20 02:39:02
[2020-09-20 18:39:04:3847477][http-nio-8081-exec-5] DEBUGc.v.perceptor.dao.TestDao.getTest - ==>  Preparing: SELECT TEST_SEQ AS testSeq, TEST_NAME AS testName, DATE_FORMAT(TEST_TIME, '%Y-%m-%d') AS testTime FROM test_table ORDER BY TEST_SEQ 
[2020-09-20 18:39:04:3847477][http-nio-8081-exec-5] DEBUGc.v.perceptor.dao.TestDao.getTest - ==> Parameters: 
[2020-09-20 18:39:04:3847479][http-nio-8081-exec-5] DEBUGc.v.perceptor.dao.TestDao.getTest - <==      Total: 1
[2020-09-20 18:39:04:3847479][http-nio-8081-exec-5] DEBUGc.v.perceptor.dao.TestDao.getNow - ==>  Preparing: SELECT NOW() 
[2020-09-20 18:39:04:3847479][http-nio-8081-exec-5] DEBUGc.v.perceptor.dao.TestDao.getNow - ==> Parameters: 
[2020-09-20 18:39:04:3847480][http-nio-8081-exec-5] DEBUGc.v.perceptor.dao.TestDao.getNow - <==      Total: 1
[2020-09-20 18:39:04:3847480][http-nio-8081-exec-5] INFO c.v.p.controller.TestController - >>2020-09-20 02:39:02
[2020-09-20 18:39:04:3847516][http-nio-8081-exec-6] DEBUGc.v.perceptor.dao.TestDao.getTest - ==>  Preparing: SELECT TEST_SEQ AS testSeq, TEST_NAME AS testName, DATE_FORMAT(TEST_TIME, '%Y-%m-%d') AS testTime FROM test_table ORDER BY TEST_SEQ 
[2020-09-20 18:39:04:3847517][http-nio-8081-exec-6] DEBUGc.v.perceptor.dao.TestDao.getTest - ==> Parameters: 
[2020-09-20 18:39:04:3847518][http-nio-8081-exec-6] DEBUGc.v.perceptor.dao.TestDao.getTest - <==      Total: 1
[2020-09-20 18:39:04:3847519][http-nio-8081-exec-6] DEBUGc.v.perceptor.dao.TestDao.getNow - ==>  Preparing: SELECT NOW() 
[2020-09-20 18:39:04:3847519][http-nio-8081-exec-6] DEBUGc.v.perceptor.dao.TestDao.getNow - ==> Parameters: 
[2020-09-20 18:39:04:3847520][http-nio-8081-exec-6] DEBUGc.v.perceptor.dao.TestDao.getNow - <==      Total: 1
[2020-09-20 18:39:04:3847520][http-nio-8081-exec-6] INFO c.v.p.controller.TestController - >>2020-09-20 02:39:02
[2020-09-20 18:39:04:3847525][http-nio-8081-exec-4] DEBUGc.v.perceptor.dao.TestDao.getTest - ==>  Preparing: SELECT TEST_SEQ AS testSeq, TEST_NAME AS testName, DATE_FORMAT(TEST_TIME, '%Y-%m-%d') AS testTime FROM test_table ORDER BY TEST_SEQ 
[2020-09-20 18:39:04:3847525][http-nio-8081-exec-4] DEBUGc.v.perceptor.dao.TestDao.getTest - ==> Parameters: 
[2020-09-20 18:39:04:3847527][http-nio-8081-exec-4] DEBUGc.v.perceptor.dao.TestDao.getTest - <==      Total: 1
[2020-09-20 18:39:04:3847527][http-nio-8081-exec-4] DEBUGc.v.perceptor.dao.TestDao.getNow - ==>  Preparing: SELECT NOW() 
[2020-09-20 18:39:04:3847527][http-nio-8081-exec-4] DEBUGc.v.perceptor.dao.TestDao.getNow - ==> Parameters: 
[2020-09-20 18:39:04:3847528][http-nio-8081-exec-4] DEBUGc.v.perceptor.dao.TestDao.getNow - <==      Total: 1
[2020-09-20 18:39:04:3847529][http-nio-8081-exec-4] INFO c.v.p.controller.TestController - >>2020-09-20 02:39:02
[2020-09-20 18:39:04:3847548][http-nio-8081-exec-7] DEBUGc.v.perceptor.dao.TestDao.getTest - ==>  Preparing: SELECT TEST_SEQ AS testSeq, TEST_NAME AS testName, DATE_FORMAT(TEST_TIME, '%Y-%m-%d') AS testTime FROM test_table ORDER BY TEST_SEQ 
[2020-09-20 18:39:04:3847548][http-nio-8081-exec-7] DEBUGc.v.perceptor.dao.TestDao.getTest - ==> Parameters: 
[2020-09-20 18:39:04:3847550][http-nio-8081-exec-7] DEBUGc.v.perceptor.dao.TestDao.getTest - <==      Total: 1
[2020-09-20 18:39:04:3847550][http-nio-8081-exec-7] DEBUGc.v.perceptor.dao.TestDao.getNow - ==>  Preparing: SELECT NOW() 
[2020-09-20 18:39:04:3847550][http-nio-8081-exec-7] DEBUGc.v.perceptor.dao.TestDao.getNow - ==> Parameters: 
[2020-09-20 18:39:04:3847551][http-nio-8081-exec-7] DEBUGc.v.perceptor.dao.TestDao.getNow - <==      Total: 1
[2020-09-20 18:39:04:3847551][http-nio-8081-exec-7] INFO c.v.p.controller.TestController - >>2020-09-20 02:39:02
[2020-09-20 18:39:04:3847554][http-nio-8081-exec-8] DEBUGc.v.perceptor.dao.TestDao.getTest - ==>  Preparing: SELECT TEST_SEQ AS testSeq, TEST_NAME AS testName, DATE_FORMAT(TEST_TIME, '%Y-%m-%d') AS testTime FROM test_table ORDER BY TEST_SEQ 
[2020-09-20 18:39:04:3847555][http-nio-8081-exec-8] DEBUGc.v.perceptor.dao.TestDao.getTest - ==> Parameters: 
[2020-09-20 18:39:04:3847556][http-nio-8081-exec-8] DEBUGc.v.perceptor.dao.TestDao.getTest - <==      Total: 1
[2020-09-20 18:39:04:3847556][http-nio-8081-exec-8] DEBUGc.v.perceptor.dao.TestDao.getNow - ==>  Preparing: SELECT NOW() 
[2020-09-20 18:39:04:3847556][http-nio-8081-exec-8] DEBUGc.v.perceptor.dao.TestDao.getNow - ==> Parameters: 
[2020-09-20 18:39:04:3847557][http-nio-8081-exec-8] DEBUGc.v.perceptor.dao.TestDao.getNow - <==      Total: 1
[2020-09-20 18:39:04:3847558][http-nio-8081-exec-8] INFO c.v.p.controller.TestController - >>2020-09-20 02:39:02
